<?xml version="1.0" encoding="UTF-8"?>
<testng-results total="1" passed="1" failed="0" skipped="0">
  <reporter-output>
  </reporter-output>
  <suite started-at="2019-02-06T23:51:09Z" name="Default suite" finished-at="2019-02-06T23:51:11Z" duration-ms="1549">
    <groups>
    </groups>
    <test started-at="2019-02-06T23:51:09Z" name="Default test" finished-at="2019-02-06T23:51:11Z" duration-ms="1549">
      <class name="com.qa.rest.test.GetCallBDD">
        <test-method signature="numberOfCircuits2017()[pri:0, instance:com.qa.rest.test.GetCallBDD@6150c3ec]" started-at="2019-02-06T15:51:09Z" name="numberOfCircuits2017" finished-at="2019-02-06T15:51:11Z" duration-ms="1539" status="PASS">
          <reporter-output>
          </reporter-output>
        </test-method> <!-- numberOfCircuits2017 -->
      </class> <!-- com.qa.rest.test.GetCallBDD -->
    </test> <!-- Default test -->
  </suite> <!-- Default suite -->
</testng-results>
